安装 libgcc-4.4.7-11.el6.x86_64
warning: libgcc-4.4.7-11.el6.x86_64: Header V3 RSA/SHA1 Signature, key ID c105b9de: NOKEY
安装 setup-2.8.14-20.el6_4.1.noarch
安装 jakarta-commons-collections-3.2.1-3.4.el6.noarch
安装 filesystem-2.4.30-3.el6.x86_64
安装 xml-common-0.6.3-33.el6.noarch
安装 cjkuni-fonts-common-0.2.20080216.1-36.el6.noarch
安装 iso-codes-3.16-2.el6.noarch
安装 basesystem-10.0-4.el6.noarch
安装 dmz-cursor-themes-0.4-4.el6.noarch
安装 kernel-headers-2.6.32-504.el6.x86_64
安装 ncurses-base-5.7-3.20090208.el6.x86_64
安装 libX11-common-1.6.0-2.2.el6.noarch
安装 tzdata-java-2014g-1.el6.noarch
安装 tzdata-2014g-1.el6.noarch
安装 glibc-common-2.12-1.149.el6.x86_64
安装 nss-softokn-freebl-3.14.3-17.el6.x86_64
安装 glibc-2.12-1.149.el6.x86_64
安装 ncurses-libs-5.7-3.20090208.el6.x86_64
安装 bash-4.1.2-29.el6.x86_64
安装 libattr-2.4.44-7.el6.x86_64
安装 libcap-2.16-5.5.el6.x86_64
安装 zlib-1.2.3-29.el6.x86_64
安装 info-4.13a-8.el6.x86_64
安装 freetype-2.3.11-14.el6_3.1.x86_64
安装 dbus-libs-1.2.24-7.el6_3.x86_64
安装 libxml2-2.7.6-14.el6_5.2.x86_64
安装 db4-4.7.25-18.el6_4.x86_64
安装 libcom_err-1.41.12-21.el6.x86_64
安装 audit-libs-2.3.7-5.el6.x86_64
安装 popt-1.13-7.el6.x86_64
安装 chkconfig-1.3.49.3-2.el6_4.1.x86_64
安装 bzip2-libs-1.0.5-7.el6_0.x86_64
安装 libstdc++-4.4.7-11.el6.x86_64
安装 nspr-4.10.6-1.el6_5.x86_64
安装 libacl-2.2.49-6.el6.x86_64
安装 libICE-1.0.6-1.el6.x86_64
安装 expat-2.0.1-11.el6_2.x86_64
安装 libpng-1.2.49-1.el6_2.x86_64
安装 nss-util-3.16.1-3.el6.x86_64
安装 pcre-7.8-6.el6.x86_64
安装 grep-2.6.3-6.el6.x86_64
安装 libsepol-2.0.41-4.el6.x86_64
安装 libselinux-2.0.94-5.8.el6.x86_64
安装 shadow-utils-4.1.4.2-19.el6.x86_64
安装 sed-4.2.1-10.el6.x86_64
安装 libjpeg-turbo-1.2.1-3.el6_5.x86_64
安装 findutils-4.4.2-6.el6.x86_64
安装 libuuid-2.17.2-12.18.el6.x86_64
安装 libSM-1.2.1-2.el6.x86_64
安装 xz-libs-4.999.9-0.5.beta.20091007git.el6.x86_64
安装 gawk-3.1.7-10.el6.x86_64
安装 readline-6.0-4.el6.x86_64
安装 sqlite-3.6.20-1.el6.x86_64
安装 jakarta-commons-logging-1.0.4-10.el6.noarch
安装 elfutils-libelf-0.158-3.2.el6.x86_64
安装 libgpg-error-1.7-4.el6.x86_64
安装 libart_lgpl-2.3.20-5.1.el6.x86_64
安装 pkgconfig-0.23-9.1.el6.x86_64
安装 libogg-1.1.4-2.1.el6.x86_64
安装 libgcrypt-1.4.5-11.el6_4.x86_64
安装 apr-1.3.9-5.el6_2.x86_64
安装 apr-util-1.3.9-3.el6_0.1.x86_64
安装 gmp-4.3.1-7.el6_2.2.x86_64
安装 file-libs-5.04-21.el6.x86_64
安装 libtasn1-2.3-6.el6_5.x86_64
安装 libvorbis-1.2.3-4.el6_2.1.x86_64
安装 gamin-0.1.10-9.el6.x86_64
安装 glib2-2.28.8-4.el6.x86_64
安装 shared-mime-info-0.70-6.el6.x86_64
安装 atk-1.30.0-1.el6.x86_64
安装 dbus-glib-0.86-6.el6.x86_64
安装 lua-5.1.4-4.1.el6.x86_64
安装 libblkid-2.17.2-12.18.el6.x86_64
安装 procps-3.2.8-30.el6.x86_64
安装 psmisc-22.6-19.el6_5.x86_64
安装 bzip2-1.0.5-7.el6_0.x86_64
安装 cyrus-sasl-lib-2.1.23-15.el6.x86_64
安装 avahi-libs-0.6.25-15.el6.x86_64
安装 cpio-2.10-12.el6_5.x86_64
安装 libidn-1.18-2.el6.x86_64
安装 which-2.19-6.el6.x86_64
安装 tcp_wrappers-libs-7.6-57.el6.x86_64
安装 sysvinit-tools-2.87-5.dsf.el6.x86_64
安装 gdbm-1.8.0-36.el6.x86_64
安装 perl-Pod-Escapes-1.04-136.el6.x86_64
安装 perl-libs-5.10.1-136.el6.x86_64
安装 perl-version-0.77-136.el6.x86_64
安装 perl-Module-Pluggable-3.90-136.el6.x86_64
安装 perl-Pod-Simple-3.13-136.el6.x86_64
安装 perl-5.10.1-136.el6.x86_64
安装 p11-kit-0.18.5-2.el6_5.2.x86_64
安装 file-5.04-21.el6.x86_64
安装 nss-softokn-3.14.3-17.el6.x86_64
安装 bc-1.06.95-1.el6.x86_64
安装 libtiff-3.9.4-10.el6_5.x86_64
安装 libutempter-1.1.5-4.1.el6.x86_64
安装 vim-minimal-7.2.411-1.8.el6.x86_64
安装 net-tools-1.60-110.el6_2.x86_64
安装 checkpolicy-2.0.22-1.el6.x86_64
安装 tar-1.23-11.el6.x86_64
安装 tomcat6-servlet-2.5-api-6.0.24-80.el6.x86_64
安装 diffutils-2.8.1-28.el6.x86_64
安装 binutils-2.20.51.0.2-5.42.el6.x86_64
安装 make-3.81-20.el6.x86_64
安装 m4-1.4.13-5.el6.x86_64
安装 libfontenc-1.0.5-2.el6.x86_64
安装 slang-2.2.1-1.el6.x86_64
安装 newt-0.52.11-3.el6.x86_64
安装 libcap-ng-0.6.4-3.el6_0.1.x86_64
安装 dbus-1.2.24-7.el6_3.x86_64
安装 libudev-147-2.57.el6.x86_64
安装 pth-2.0.7-9.3.el6.x86_64
安装 libXau-1.0.6-4.el6.x86_64
安装 libxcb-1.9.1-2.el6.x86_64
安装 libX11-1.6.0-2.2.el6.x86_64
安装 libXext-1.3.2-2.1.el6.x86_64
安装 libXrender-0.9.8-2.1.el6.x86_64
安装 libXi-1.7.2-2.2.el6.x86_64
安装 libXtst-1.2.2-2.1.el6.x86_64
安装 libXrandr-1.4.1-2.1.el6.x86_64
安装 libXfixes-5.0.1-2.1.el6.x86_64
安装 libXcursor-1.1.14-2.1.el6.x86_64
安装 libXinerama-1.1.3-2.1.el6.x86_64
安装 libXpm-3.5.10-2.el6.x86_64
安装 ibus-libs-1.3.4-6.el6.x86_64
安装 libXt-1.1.4-6.1.el6.x86_64
安装 libXmu-1.1.1-2.el6.x86_64
安装 libtdb-1.2.10-1.el6.x86_64
安装 libtool-ltdl-2.2.6-15.5.el6.x86_64
安装 xorg-x11-xauth-1.0.2-7.1.el6.x86_64
安装 libXdamage-1.1.3-4.el6.x86_64
安装 libXres-1.0.7-2.1.el6.x86_64
安装 libXxf86vm-1.1.3-2.1.el6.x86_64
安装 libXxf86misc-1.0.3-4.el6.x86_64
安装 dbus-x11-1.2.24-7.el6_3.x86_64
安装 giflib-4.1.6-3.1.el6.x86_64
安装 libXcomposite-0.4.3-4.el6.x86_64
安装 xcb-util-0.3.6-5.el6.x86_64
安装 startup-notification-0.10-2.1.el6.x86_64
安装 hal-libs-0.5.14-14.el6.x86_64
安装 perl-Newt-1.08-26.el6.x86_64
安装 libXfont-1.4.5-3.el6_5.x86_64
安装 xorg-x11-font-utils-7.2-11.el6.x86_64
安装 tomcat6-jsp-2.1-api-6.0.24-80.el6.x86_64
安装 p11-kit-trust-0.18.5-2.el6_5.2.x86_64
安装 ca-certificates-2014.1.98-65.1.el6.noarch
安装 perl-BSD-Resource-1.29.03-3.el6.x86_64
安装 perl-CGI-3.51-136.el6.x86_64
安装 gdbm-devel-1.8.0-36.el6.x86_64
安装 gstreamer-tools-0.10.29-1.el6.x86_64
安装 gstreamer-0.10.29-1.el6.x86_64
安装 avahi-glib-0.6.25-15.el6.x86_64
安装 grubby-7.0.15-7.el6.x86_64
安装 eggdbus-0.6-3.el6.x86_64
安装 desktop-file-utils-0.15-9.el6.x86_64
安装 libcroco-0.6.2-5.el6.x86_64
安装 libIDL-0.8.13-2.1.el6.x86_64
安装 ORBit2-2.14.17-5.el6.x86_64
安装 libbonobo-2.24.2-5.el6.x86_64
安装 gnutls-2.8.5-14.el6_5.x86_64
安装 libxslt-1.1.26-2.el6_3.1.x86_64
安装 flac-1.2.1-6.1.el6.x86_64
安装 elfutils-libs-0.158-3.2.el6.x86_64
安装 jakarta-commons-discovery-0.4-5.4.el6.noarch
安装 xz-4.999.9-0.5.beta.20091007git.el6.x86_64
安装 xz-lzma-compat-4.999.9-0.5.beta.20091007git.el6.x86_64
安装 jasper-libs-1.900.1-15.el6_1.1.x86_64
安装 gdk-pixbuf2-2.24.1-5.el6.x86_64
安装 MAKEDEV-3.24-6.el6.x86_64
安装 libselinux-utils-2.0.94-5.8.el6.x86_64
安装 patch-2.6-6.el6.x86_64
安装 snappy-1.1.0-1.el6.x86_64
安装 libusb-0.1.12-23.el6.x86_64
安装 ttmkfdir-3.0.9-32.1.el6.x86_64
安装 db4-cxx-4.7.25-18.el6_4.x86_64
安装 db4-devel-4.7.25-18.el6_4.x86_64
安装 tomcat6-el-2.1-api-6.0.24-80.el6.x86_64
安装 pinentry-0.7.6-6.el6.x86_64
安装 libss-1.41.12-21.el6.x86_64
安装 e2fsprogs-libs-1.41.12-21.el6.x86_64
安装 db4-utils-4.7.25-18.el6_4.x86_64
安装 libnih-1.0.1-7.el6.x86_64
安装 upstart-0.6.5-13.el6_5.3.x86_64
安装 time-1.7-37.1.el6.x86_64
安装 ed-1.1-3.3.el6.x86_64
安装 libgomp-4.4.7-11.el6.x86_64
安装 dash-0.5.5.1-4.el6.x86_64
安装 glibc-headers-2.12-1.149.el6.x86_64
安装 glibc-devel-2.12-1.149.el6.x86_64
安装 perl-ExtUtils-MakeMaker-6.55-136.el6.x86_64
安装 perl-Test-Harness-3.17-136.el6.x86_64
安装 perl-ExtUtils-ParseXS-2.2003.0-136.el6.x86_64
安装 perl-devel-5.10.1-136.el6.x86_64
安装 perl-Test-Simple-0.92-136.el6.x86_64
安装 ncurses-5.7-3.20090208.el6.x86_64
安装 groff-1.18.1.4-21.el6.x86_64
安装 less-436-13.el6.x86_64
安装 coreutils-libs-8.4-37.el6.x86_64
安装 gzip-1.3.12-22.el6.x86_64
安装 cracklib-2.8.16-4.el6.x86_64
安装 cracklib-dicts-2.8.16-4.el6.x86_64
安装 coreutils-8.4-37.el6.x86_64
安装 pam-1.1.1-20.el6.x86_64
安装 fontconfig-2.8.0-5.el6.x86_64
安装 jpackage-utils-1.7.5-3.12.el6.noarch
安装 module-init-tools-3.9-24.el6.x86_64
安装 alsa-lib-1.0.22-3.el6.x86_64
安装 redhat-logos-60.0.14-12.el6.centos.noarch
安装 hwdata-0.233-11.1.el6.noarch
安装 ConsoleKit-libs-0.4.1-3.el6.x86_64
安装 polkit-0.96-7.el6.x86_64
安装 ConsoleKit-0.4.1-3.el6.x86_64
安装 plymouth-scripts-0.8.3-27.el6.centos.1.x86_64
安装 hicolor-icon-theme-0.11-1.1.el6.noarch
安装 ConsoleKit-x11-0.4.1-3.el6.x86_64
安装 libpciaccess-0.13.3-0.1.el6.x86_64
安装 libsndfile-1.0.20-5.el6.x86_64
安装 gd-2.0.35-11.el6.x86_64
安装 xorg-x11-fonts-Type1-7.2-9.1.el6.noarch
安装 libXft-2.3.1-2.el6.x86_64
安装 at-3.1.10-43.el6_2.1.x86_64
安装 logrotate-3.7.8-17.el6.x86_64
安装 nss-3.16.1-14.el6.x86_64
安装 nss-sysinit-3.16.1-14.el6.x86_64
安装 nss-tools-3.16.1-14.el6.x86_64
安装 sgml-common-0.6.3-33.el6.noarch
安装 sound-theme-freedesktop-0.7-3.el6.noarch
安装 libedit-2.11-4.20080712cvs.1.el6.x86_64
安装 pciutils-libs-3.1.10-4.el6.x86_64
安装 ethtool-3.5-5.el6.x86_64
安装 mingetty-1.08-5.el6.x86_64
安装 lzo-2.03-3.1.el6_5.1.x86_64
安装 keyutils-libs-1.4-5.el6.x86_64
安装 krb5-libs-1.10.3-33.el6.x86_64
安装 openssl-1.0.1e-30.el6.x86_64
安装 libssh2-1.4.2-1.el6.x86_64
安装 cups-libs-1.4.2-67.el6.x86_64
安装 libcurl-7.19.7-37.el6_5.3.x86_64
安装 curl-7.19.7-37.el6_5.3.x86_64
安装 rpm-libs-4.8.0-37.el6.x86_64
安装 rpm-4.8.0-37.el6.x86_64
安装 openldap-2.4.39-8.el6.x86_64
安装 GConf2-2.28.0-6.el6.x86_64
安装 php-common-5.3.3-38.el6.x86_64
安装 gnome-vfs2-2.24.2-6.el6.x86_64
安装 php-cli-5.3.3-38.el6.x86_64
安装 libgsf-1.14.15-5.el6.x86_64
安装 apr-util-ldap-1.3.9-3.el6_0.1.x86_64
安装 libuser-0.56.13-5.el6.x86_64
安装 passwd-0.77-4.el6_2.2.x86_64
安装 gnupg2-2.0.14-8.el6.x86_64
安装 gpgme-1.1.8-3.el6.x86_64
安装 man-1.6f-32.el6.x86_64
安装 httpd-tools-2.2.15-39.el6.centos.x86_64
安装 mysql-libs-5.1.73-3.el6_5.x86_64
安装 fipscheck-lib-1.2.0-7.el6.x86_64
安装 fipscheck-1.2.0-7.el6.x86_64
安装 mailx-12.4-7.el6.x86_64
安装 cvs-1.11.23-16.el6.x86_64
安装 ustr-1.0.4-9.1.el6.x86_64
安装 libsemanage-2.0.43-4.2.el6.x86_64
安装 libffi-3.0.5-3.2.el6.x86_64
安装 python-2.6.6-52.el6.x86_64
安装 python-libs-2.6.6-52.el6.x86_64
安装 python-simplejson-2.0.9-3.1.el6.x86_64
安装 python-setuptools-0.6.10-3.el6.noarch
安装 python-webob-0.9.6.1-3.el6.noarch
安装 python-decoratortools-1.7-4.1.el6.noarch
安装 python-pygments-1.1.1-1.el6.noarch
安装 pyOpenSSL-0.10-2.el6.x86_64
安装 python-paste-1.7.4-2.el6.noarch
安装 python-paste-deploy-1.3.3-2.1.el6.noarch
安装 python-tempita-0.4-2.el6.noarch
安装 python-weberror-0.10.2-2.el6.noarch
安装 python-routes-1.10.3-2.el6.noarch
安装 python-decorator-3.0.1-3.1.el6.noarch
安装 python-beaker-1.3.1-7.el6.noarch
安装 python-webhelpers-0.6.4-4.el6.noarch
安装 python-toscawidgets-0.9.8-1.el6.noarch
安装 python-peak-util-addons-0.6-4.1.el6.noarch
安装 python-webtest-1.2-2.el6.noarch
安装 python-nose-0.10.4-3.1.el6.noarch
安装 python-formencode-1.2.2-2.1.el6.noarch
安装 python-webflash-0.1-0.2.a9.el6.noarch
安装 yum-metadata-parser-1.1.2-16.el6.x86_64
安装 rpm-python-4.8.0-37.el6.x86_64
安装 pygpgme-0.1-18.20090824bzr68.el6.x86_64
安装 python-pycurl-7.19.0-8.el6.x86_64
安装 python-urlgrabber-3.9.1-9.el6.noarch
安装 python-markupsafe-0.9.2-4.el6.x86_64
安装 python-mako-0.3.4-1.el6.noarch
安装 python-iniparse-0.3.1-2.1.el6.noarch
安装 yum-plugin-fastestmirror-1.1.30-30.el6.noarch
安装 yum-3.2.29-60.el6.centos.noarch
安装 dbus-python-0.83.0-6.1.el6.x86_64
安装 pyxdg-0.18-1.el6.noarch
安装 python-babel-0.9.4-5.1.el6.noarch
安装 python-genshi-0.5.1-7.1.el6.x86_64
安装 python-myghty-1.1-11.el6.noarch
安装 python-sqlalchemy-0.5.5-3.el6_2.noarch
安装 gettext-0.17-18.el6.x86_64
安装 pygobject2-2.20.0-5.el6.x86_64
安装 python-peak-util-extremes-1.1-4.1.el6.noarch
安装 python-zope-filesystem-1-5.el6.x86_64
安装 python-zope-interface-3.5.2-2.1.el6.x86_64
安装 python-transaction-1.0.1-1.el6.noarch
安装 python-repoze-who-1.0.18-1.el6.noarch
安装 python-repoze-who-testutil-1.0-0.4.rc1.el6.noarch
安装 python-repoze-what-1.0.8-6.el6.noarch
安装 python-repoze-tm2-1.0-0.5.a4.el6.noarch
安装 python-zope-sqlalchemy-0.4-3.el6.noarch
安装 python-markdown-2.0.1-3.1.el6.noarch
安装 python-cheetah-2.4.1-1.el6.x86_64
安装 python-paste-script-1.7.3-5.el6_3.noarch
安装 python-pylons-0.9.7-2.el6.noarch
安装 python-repoze-what-pylons-1.0-4.el6.noarch
安装 python-peak-util-symbols-1.0-4.1.el6.noarch
安装 python-peak-util-assembler-0.5.1-1.el6.noarch
安装 python-peak-rules-0.5a1.dev-9.2582.1.el6.noarch
安装 python-prioritized-methods-0.2.1-5.1.el6.noarch
安装 python-turbojson-1.2.1-8.1.el6.noarch
安装 pax-3.4-10.1.el6.x86_64
安装 pixman-0.32.4-4.el6.x86_64
安装 cairo-1.8.8-3.1.el6.x86_64
安装 pycairo-1.8.6-2.1.el6.x86_64
安装 zip-3.0-1.el6.x86_64
安装 libthai-0.1.12-3.el6.x86_64
安装 pango-1.28.1-10.el6.x86_64
安装 gtk2-2.24.23-6.el6.x86_64
安装 libgcj-4.4.7-11.el6.x86_64
安装 java-1.5.0-gcj-1.5.0.0-29.1.el6.x86_64
安装 java_cup-0.10k-5.el6.x86_64
安装 sinjdoc-0.5-9.1.el6.x86_64
安装 jakarta-commons-pool-1.3-12.7.el6.x86_64
安装 xml-commons-apis-1.3.04-3.6.el6.x86_64
安装 log4j-1.2.14-6.4.el6.x86_64
安装 classpathx-jaf-1.0-15.4.el6.x86_64
安装 libglade2-2.6.4-3.1.el6.x86_64
安装 libgnomecanvas-2.26.0-4.el6.x86_64
安装 jakarta-commons-dbcp-1.2.1-13.8.el6.noarch
安装 libgxim-0.3.3-3.1.el6.x86_64
安装 imsettings-libs-0.108.0-3.6.el6.x86_64
安装 xml-commons-resolver-1.1-4.18.el6.x86_64
安装 jakarta-commons-daemon-1.0.1-8.9.el6.x86_64
安装 ecj-3.4.2-6.el6.x86_64
安装 jakarta-commons-httpclient-3.1-0.9.el6_5.x86_64
安装 pygtk2-2.16.0-3.el6.x86_64
安装 librsvg2-2.26.0-14.el6.x86_64
安装 gnome-keyring-2.28.2-8.el6_3.x86_64
安装 libwnck-2.28.0-3.el6.x86_64
安装 gtk2-engines-2.18.4-5.el6.centos.x86_64
安装 gnome-icon-theme-2.28.0-2.el6.noarch
安装 gnome-themes-2.28.1-6.el6.noarch
安装 system-icon-theme-6.0.0-2.el6.noarch
安装 system-gnome-theme-60.0.2-1.el6.noarch
安装 libgnome-2.28.0-11.el6.x86_64
安装 libbonoboui-2.24.2-3.el6.x86_64
安装 libgnomeui-2.24.1-4.el6.x86_64
安装 plymouth-core-libs-0.8.3-27.el6.centos.1.x86_64
安装 libasyncns-0.8-1.1.el6.x86_64
安装 pulseaudio-libs-0.9.21-17.el6.x86_64
安装 java-1.7.0-openjdk-1.7.0.65-2.5.1.2.el6_5.x86_64
安装 classpathx-mail-1.1.1-9.4.el6.noarch
安装 libcanberra-0.22-1.el6.centos.x86_64
安装 libcanberra-gtk2-0.22-1.el6.centos.x86_64
安装 notification-daemon-0.5.0-1.el6.x86_64
安装 libnotify-0.5.0-1.el6.x86_64
安装 notify-python-0.1.1-10.el6.x86_64
安装 wsdl4j-1.5.2-7.8.el6.noarch
安装 axis-1.2.1-7.5.el6_5.noarch
安装 regexp-1.5-4.4.el6.x86_64
安装 bcel-5.2-7.2.el6.x86_64
安装 mx4j-3.0.1-9.13.el6.noarch
安装 tomcat6-lib-6.0.24-80.el6.x86_64
安装 libmcpp-2.7.2-4.1.el6.x86_64
安装 mcpp-2.7.2-4.1.el6.x86_64
安装 xorg-x11-server-utils-7.7-2.el6.x86_64
安装 xorg-x11-xinit-1.0.9-14.el6.x86_64
安装 imsettings-0.108.0-3.6.el6.x86_64
安装 im-chooser-1.3.1-3.el6.x86_64
安装 ibus-gtk-1.3.4-6.el6.x86_64
安装 ibus-1.3.4-6.el6.x86_64
安装 ibus-table-1.2.0.20100111-5.el6.noarch
安装 fontpackages-filesystem-1.41-1.1.el6.noarch
安装 busybox-1.15.1-20.el6.x86_64
安装 kbd-misc-1.15-11.el6.noarch
安装 centos-release-6-6.el6.centos.12.2.x86_64
安装 policycoreutils-2.0.83-19.47.el6.x86_64
安装 iptables-1.4.7-14.el6.x86_64
安装 iproute-2.6.32-32.el6_5.x86_64
安装 iputils-20071127-17.el6_4.2.x86_64
安装 util-linux-ng-2.17.2-12.18.el6.x86_64
安装 initscripts-9.03.46-1.el6.centos.x86_64
安装 udev-147-2.57.el6.x86_64
安装 mdadm-3.3-6.el6.x86_64
安装 device-mapper-libs-1.02.90-2.el6.x86_64
安装 device-mapper-1.02.90-2.el6.x86_64
安装 kpartx-0.4.9-80.el6.x86_64
安装 libdrm-2.4.52-4.el6.x86_64
安装 plymouth-0.8.3-27.el6.centos.1.x86_64
安装 rsyslog-5.8.10-8.el6.x86_64
安装 kbd-1.15-11.el6.x86_64
安装 dracut-004-356.el6.noarch
安装 dracut-kernel-004-356.el6.noarch
安装 openssh-5.3p1-104.el6.x86_64
安装 cyrus-sasl-2.1.23-15.el6.x86_64
安装 postfix-2.6.6-6.el6_5.x86_64
安装 cronie-anacron-1.4.4-12.el6.x86_64
安装 cronie-1.4.4-12.el6.x86_64
安装 crontabs-1.10-33.el6.noarch
安装 redhat-lsb-core-4.0-7.el6.centos.x86_64
安装 selinux-policy-3.7.19-260.el6.noarch
安装 mailcap-2.1.31-2.el6.noarch
安装 httpd-2.2.15-39.el6.centos.x86_64
安装 dhcp-common-4.1.1-43.P1.el6.centos.x86_64
安装 kernel-firmware-2.6.32-504.el6.noarch
安装 kernel-2.6.32-504.el6.x86_64
安装 dhclient-4.1.1-43.P1.el6.centos.x86_64
安装 php-5.3.3-38.el6.x86_64
安装 mod_ssl-2.2.15-39.el6.centos.x86_64
安装 webalizer-2.21_02-3.3.el6.x86_64
安装 mod_perl-2.0.4-11.el6_5.x86_64
安装 httpd-manual-2.2.15-39.el6.centos.noarch
安装 mod_wsgi-3.2-7.el6.x86_64
安装 selinux-policy-targeted-3.7.19-260.el6.noarch
安装 tomcat6-6.0.24-80.el6.x86_64
安装 openssh-server-5.3p1-104.el6.x86_64
安装 kexec-tools-2.0.0-280.el6.x86_64
安装 bfa-firmware-3.2.23.0-2.el6.noarch
安装 iwl5150-firmware-8.24.2.2-1.el6.noarch
安装 iwl100-firmware-39.31.5.1-1.el6.noarch
安装 iwl6050-firmware-41.28.5.1-2.el6.noarch
安装 b43-openfwwf-5.2-4.el6.noarch
安装 iwl6000g2a-firmware-17.168.5.3-1.el6.noarch
安装 aic94xx-firmware-30-2.el6.noarch
安装 iwl6000-firmware-9.221.4.1-1.el6.noarch
安装 iwl1000-firmware-39.31.5.1-1.el6.noarch
安装 iptables-ipv6-1.4.7-14.el6.x86_64
安装 wqy-zenhei-fonts-0.9.45-3.el6.noarch
安装 ibus-table-cangjie-1.2.0.20100210-1.el6.noarch
安装 ibus-table-erbi-1.2.0.20090901-8.el6.noarch
安装 ibus-table-wubi-1.2.0.20090715-8.el6.noarch
安装 TurboGears2-2.0.3-4.el6.noarch
安装 grub-0.97-93.el6.x86_64
安装 php-pear-1.9.4-4.el6.noarch
安装 php-gd-5.3.3-38.el6.x86_64
安装 php-pdo-5.3.3-38.el6.x86_64
安装 php-xml-5.3.3-38.el6.x86_64
安装 sudo-1.8.6p3-15.el6.x86_64
安装 efibootmgr-0.5.4-12.el6.x86_64
安装 crypto-utils-2.4.1-24.2.el6.x86_64
安装 audit-2.3.7-5.el6.x86_64
安装 e2fsprogs-1.41.12-21.el6.x86_64
安装 acl-2.2.49-6.el6.x86_64
安装 attr-2.4.44-7.el6.x86_64
安装 cjkuni-uming-fonts-0.2.20080216.1-36.el6.noarch
安装 cjkuni-ukai-fonts-0.2.20080216.1-36.el6.noarch
安装 ql2400-firmware-7.03.00-1.el6_5.noarch
安装 iwl5000-firmware-8.83.5.1_1-1.el6_1.1.noarch
安装 ql2100-firmware-1.19.38-3.1.el6.noarch
安装 ivtv-firmware-20080701-20.2.noarch
安装 libertas-usb8388-firmware-5.110.22.p23-3.1.el6.noarch
安装 xorg-x11-drv-ati-firmware-7.3.99-2.el6.noarch
安装 ql2500-firmware-7.03.00-1.el6_5.noarch
安装 atmel-firmware-1.3-7.el6.noarch
安装 zd1211-firmware-1.4-4.el6.noarch
安装 iwl4965-firmware-228.61.2.24-2.1.el6.noarch
安装 rt61pci-firmware-1.2-7.el6.noarch
安装 iwl3945-firmware-15.32.2.9-4.el6.noarch
安装 ql2200-firmware-2.02.08-3.1.el6.noarch
安装 rt73usb-firmware-1.8-7.el6.noarch
安装 ipw2100-firmware-1.3-11.el6.noarch
安装 ql23xx-firmware-3.03.27-3.1.el6.noarch
安装 ipw2200-firmware-3.1-4.el6.noarch
安装 rootfiles-8.1-6.1.el6.noarch
*** FINISHED INSTALLING PACKAGES ***